<?xml version="1.0" encoding="UTF-8"?>
<!-- Generated by org.testng.reporters.JUnitReportReporter -->
<testsuite hostname="IN-J5DXTN3" failures="0" tests="3" name="Test.Add_Book_Post" time="2.239" errors="0" timestamp="2022-12-08T14:55:43 IST" skipped="0">
  <testcase classname="Test.Add_Book_Post" name="addBook" time="0.160"/>
  <system-out/>
  <testcase classname="Test.Add_Book_Post" name="addBook" time="1.917"/>
  <system-out/>
  <testcase classname="Test.Add_Book_Post" name="addBook" time="0.162"/>
  <system-out/>
</testsuite> <!-- Test.Add_Book_Post -->
