<?xml version="1.0" encoding="UTF-8"?>
<!-- Generated by org.testng.reporters.JUnitReportReporter -->
<testsuite hostname="IN-J5DXTN3" failures="0" tests="1" name="ReqRes_Test.GetAllResources" time="1.451" errors="0" timestamp="2023-02-13T18:15:26 IST" skipped="0">
  <testcase classname="ReqRes_Test.GetAllResources" name="resources" time="1.451"/>
  <system-out/>
</testsuite> <!-- ReqRes_Test.GetAllResources -->
