<?xml version="1.0" encoding="UTF-8"?>
<!-- Generated by org.testng.reporters.JUnitReportReporter -->
<testsuite hostname="IN-J5DXTN3" failures="0" tests="3" name="ReqRes_Test.Get_All_Users" time="2.471" errors="0" timestamp="2023-01-09T17:49:14 IST" skipped="1">
  <testcase classname="ReqRes_Test.Get_All_Users" name="addNewUser" time="1.603"/>
  <system-out/>
  <testcase classname="ReqRes_Test.Get_All_Users" name="updateUserProfile" time="0.868"/>
  <system-out/>
  <testcase classname="ReqRes_Test.Get_All_Users" name="getAllUsers">
    <skipped/>
  </testcase> <!-- getAllUsers -->
  <system-out/>
</testsuite> <!-- ReqRes_Test.Get_All_Users -->
