<?xml version="1.0" encoding="UTF-8"?>
<!-- Generated by org.testng.reporters.JUnitReportReporter -->
<testsuite hostname="IN-J5DXTN3" failures="0" tests="25" name="ReqRes_Test.Ecommerce_Test" time="6.619" errors="0" timestamp="2023-02-01T12:28:36 IST" skipped="1">
  <testcase classname="ReqRes_Test.Ecommerce_Test" name="validLogin" time="1.723"/>
  <system-out/>
  <testcase classname="ReqRes_Test.Ecommerce_Test" name="invalidLogin" time="0.167"/>
  <system-out/>
  <testcase classname="ReqRes_Test.Ecommerce_Test" name="createProduct" time="0.367"/>
  <system-out/>
  <testcase classname="ReqRes_Test.Ecommerce_Test" name="createProductWithoutToken" time="0.243"/>
  <system-out/>
  <testcase classname="ReqRes_Test.Ecommerce_Test" name="createProductInvalidToken" time="0.224"/>
  <system-out/>
  <testcase classname="ReqRes_Test.Ecommerce_Test" name="createProductWithoutImage" time="0.313"/>
  <system-out/>
  <testcase classname="ReqRes_Test.Ecommerce_Test" name="addToCart" time="0.184"/>
  <system-out/>
  <testcase classname="ReqRes_Test.Ecommerce_Test" name="addToCartWithoutToken" time="0.164"/>
  <system-out/>
  <testcase classname="ReqRes_Test.Ecommerce_Test" name="addToCartInvalidToken" time="0.135"/>
  <system-out/>
  <testcase classname="ReqRes_Test.Ecommerce_Test" name="addingWithoutUserId" time="0.156"/>
  <system-out/>
  <testcase classname="ReqRes_Test.Ecommerce_Test" name="addingWithoutProductId" time="0.188"/>
  <system-out/>
  <testcase classname="ReqRes_Test.Ecommerce_Test" name="CreateOrder" time="0.162"/>
  <system-out/>
  <testcase classname="ReqRes_Test.Ecommerce_Test" name="CreateOrderWithoutToken" time="0.469"/>
  <system-out/>
  <testcase classname="ReqRes_Test.Ecommerce_Test" name="CreateOrderInvalidToken" time="0.115"/>
  <system-out/>
  <testcase classname="ReqRes_Test.Ecommerce_Test" name="CreateOrder_WithoutProductId" time="0.160"/>
  <system-out/>
  <testcase classname="ReqRes_Test.Ecommerce_Test" name="CreateOrder_IncorrectProductId" time="0.181"/>
  <system-out/>
  <testcase classname="ReqRes_Test.Ecommerce_Test" name="orderDetails" time="0.163"/>
  <system-out/>
  <testcase classname="ReqRes_Test.Ecommerce_Test" name="orderDetailsWithoutToken" time="0.639"/>
  <system-out/>
  <testcase classname="ReqRes_Test.Ecommerce_Test" name="orderDetailsInvalidToken" time="0.140"/>
  <system-out/>
  <testcase classname="ReqRes_Test.Ecommerce_Test" name="orderDetailsWithInvalidOrderId" time="0.126"/>
  <system-out/>
  <testcase classname="ReqRes_Test.Ecommerce_Test" name="orderDetailsWithoutOrderId" time="0.159"/>
  <system-out/>
  <testcase classname="ReqRes_Test.Ecommerce_Test" name="deleteOrder" time="0.147"/>
  <system-out/>
  <testcase classname="ReqRes_Test.Ecommerce_Test" name="deleteOrderWithoutToken" time="0.125"/>
  <system-out/>
  <testcase classname="ReqRes_Test.Ecommerce_Test" name="deleteOrderInvalidToken" time="0.169"/>
  <system-out/>
  <testcase classname="ReqRes_Test.Ecommerce_Test" name="endToEnd">
    <skipped/>
  </testcase> <!-- endToEnd -->
  <system-out/>
</testsuite> <!-- ReqRes_Test.Ecommerce_Test -->
