<?xml version="1.0" encoding="UTF-8"?>
<!-- Generated by org.testng.reporters.JUnitReportReporter -->
<testsuite hostname="IN-J5DXTN3" failures="0" tests="1" name="Test.Jira_Add_Comment" time="1.851" errors="0" timestamp="2022-12-14T15:52:35 IST" skipped="0">
  <testcase classname="Test.Jira_Add_Comment" name="AddComment" time="1.851"/>
  <system-out/>
</testsuite> <!-- Test.Jira_Add_Comment -->
