<?xml version="1.0" encoding="UTF-8"?>
<!-- Generated by org.testng.reporters.JUnitReportReporter -->
<testsuite hostname="IN-J5DXTN3" failures="0" tests="1" name="Test.Jira2" time="1.997" errors="0" timestamp="2022-12-14T18:55:39 IST" skipped="0">
  <testcase classname="Test.Jira2" name="GetBugDetails" time="1.997"/>
  <system-out/>
</testsuite> <!-- Test.Jira2 -->
